<?xml version="1.0" encoding="UTF-8"?>
<!-- Generated by org.testng.reporters.JUnitReportReporter -->
<testsuite hostname="HVSL" failures="0" tests="1" name="Sample.ContactTest" time="0.005" errors="0" timestamp="2022-07-05T17:43:26 IST" skipped="0">
  <testcase classname="Sample.ContactTest" name="createContact" time="0.005"/>
  <system-out/>
</testsuite> <!-- Sample.ContactTest -->
