<?xml version="1.0" encoding="UTF-8"?>
<!-- Generated by org.testng.reporters.JUnitReportReporter -->
<testsuite hostname="HVSL" failures="0" tests="1" name="Sample.ProductTest" time="0.008" errors="0" timestamp="2022-07-05T17:43:26 IST" skipped="0">
  <testcase classname="Sample.ProductTest" name="createProductTest" time="0.008"/>
  <system-out/>
</testsuite> <!-- Sample.ProductTest -->
