<?xml version="1.0" encoding="UTF-8"?>
<!-- Generated by org.testng.reporters.JUnitReportReporter -->
<testsuite skipped="0" hostname="HVSL" name="practice.CreateContact" tests="1" failures="0" timestamp="2022-07-14T13:32:23 IST" time="55.684" errors="0">
  <testcase name="createContactWithNameTest" time="55.684" classname="practice.CreateContact"/>
  <system-out/>
</testsuite> <!-- practice.CreateContact -->
