<?xml version="1.0" encoding="UTF-8"?>
<!-- Generated by org.testng.reporters.JUnitReportReporter -->
<testsuite hostname="HVSL" failures="0" tests="1" name="com.crm.kiboko.campaignTest.CreateCampaignTest" time="87.498" errors="0" timestamp="2022-07-07T16:05:38 IST" skipped="0">
  <testcase classname="com.crm.kiboko.campaignTest.CreateCampaignTest" name="CreateCmpgTest" time="87.498"/>
  <system-out/>
</testsuite> <!-- com.crm.kiboko.campaignTest.CreateCampaignTest -->
