<?xml version="1.0" encoding="UTF-8"?>
<!-- Generated by org.testng.reporters.JUnitReportReporter -->
<testsuite hostname="HVSL" failures="0" tests="1" name="Sample.OrganisationTest" time="0.030" errors="0" timestamp="2022-07-05T17:43:26 IST" skipped="0">
  <testcase classname="Sample.OrganisationTest" name="createOrganisationTest" time="0.030"/>
  <system-out/>
</testsuite> <!-- Sample.OrganisationTest -->
